app/proguard-rules.pro
# Add project specific ProGuard rules here.
# By default, the flags in this file are appended to flags specified
# in D:\Android\sdk/tools/proguard/proguard-android.txt
# You can edit the include path and order by changing the proguardFiles
# directive in build.gradle.
#
# For more details, see
#   http://developer.android.com/guide/developing/tools/proguard.html

# Add any project specific keep options here:

# If your project uses WebView with JS, uncomment the following
# and specify the fully qualified class name to the JavaScript interface
# class:
#-keepclassmembers class fqcn.of.javascript.interface.for.webview {
#   public *;
#}

# Uncomment this to preserve the line number information for
# debugging stack traces.
#-keepattributes SourceFile,LineNumberTable

# If you keep the line number information, uncomment this to
# hide the original source file name.
#-renamesourcefileattribute SourceFile

#指定代码的压缩级别
-optimizationpasses 5
#包明不混合大小写
-dontusemixedcaseclassnames
#不去忽略非公共的库类
-dontskipnonpubliclibraryclasses
 #优化  不优化输入的类文件
-dontoptimize
 #预校验
-dontpreverify
 #混淆时是否记录日志
-verbose
 # 混淆时所采用的算法
-optimizations !code/simplification/arithmetic,!field/*,!class/merging/*
#保护注解
-keepattributes *Annotation*


#继承activity,application,service,broadcastReceiver,contentprovider....不进行混淆
-keep public class * extends android.app.Activity
-keep public class * extends android.app.Fragment
-keep public class * extends android.app.Application
-keep public class * extends android.support.multidex.MultiDexApplication
-keep public class * extends android.app.Service
-keep public class * extends android.content.BroadcastReceiver
-keep public class * extends android.content.ContentProvider
-keep public class * extends android.app.backup.BackupAgentHelper
-keep public class * extends android.preference.Preference
-keep public class * extends android.view.View
-keep public class com.android.vending.licensing.ILicensingService
-keep class android.support.** {*;}
#如果有引用v4包可以添加下面这行
-keep public class * extends android.support.v4.app.Fragment

#忽略警告
-ignorewarnings

####***********************AndroidX***************************####
-keep class com.google.android.material.** {*;}
-keep class androidx.** {*;}
-keep public class * extends androidx.**
-keep interface androidx.** {*;}
-dontwarn com.google.android.material.**
-dontnote com.google.android.material.**
-dontwarn androidx.**
####***********************AndroidX***************************####

##########记录生成的日志数据,gradle build时在本项目根目录输出-start##
#apk 包内所有 class 的内部结构
-dump proguard/class_files.txt
#未混淆的类和成员
-printseeds proguard/seeds.txt
#列出从 apk 中删除的代码
-printusage proguard/unused.txt
#混淆前后的映射
-printmapping proguard/mapping.txt
########记录生成的日志数据，gradle build时 在本项目根目录输出-end######

#如果引用了v4或者v7包
-dontwarn android.support.**


#保持 native 方法不被混淆
-keepclasseswithmembernames class * {
    native <methods>;
}

# 保持自定义控件类不被混淆
-keepclasseswithmembers class * {
 public <init>(android.content.Context, android.util.AttributeSet);
}
# 保持自定义控件类不被混淆
-keepclasseswithmembers class * {
 public <init>(android.content.Context, android.util.AttributeSet, int);
}
#保持自定义控件类不被混淆
-keepclassmembers class * extends android.app.Activity {
   public void *(android.view.View);
}


#1.实体类 等
#-keep class com.hytc.pupilplay.entity.** { *; }
#-keep class com.hytc.pupilplay.bean.** { *; }
#-keep class com.hytc.pupilplay.weight.** { *; }
#-keep class com.hytc.pupilplay.contact.** { *; }

#保持 Parcelable 不被混淆
-keep class * implements android.os.Parcelable {
  public static final android.os.Parcelable$Creator *;
}

#保持 Serializable 不被混淆并且enum 类也不被混淆
-keepclassmembers class * implements java.io.Serializable {
    static final long serialVersionUID;
    private static final java.io.ObjectStreamField[] serialPersistentFields;
    !static !transient <fields>;
    !private <fields>;
    !private <methods>;
    private void writeObject(java.io.ObjectOutputStream);
    private void readObject(java.io.ObjectInputStream);
    java.lang.Object writeReplace();
    java.lang.Object readResolve();
}
#保持枚举 enum 类不被混淆
-keepclassmembers enum * {
  public static **[] values();
  public static ** valueOf(java.lang.String);
}

-keepclassmembers class * {
    public void *ButtonClicked(android.view.View);
}

#不混淆资源类
-keepclassmembers class **.R$* {
    public static <fields>;
}

#避免混淆泛型 如果混淆报错建议关掉
#-keepattributes Signature

#移除Log类打印各个等级日志的代码，打正式包的时候可以做为禁log使用。
-assumenosideeffects class android.util.Log {
    public static *** v(...);
    public static *** i(...);
    public static *** d(...);
    public static *** w(...);
    public static *** e(...);
}

#############################################################################################
########################                 以上通用           ##################################
#############################################################################################


#######################     常用第三方模块的混淆选项         ###################################
#gson
#如果用用到Gson解析包的，直接添加下面这几行就能成功混淆，不然会报错。
-keepattributes Signature
# Gson specific classes
-keep class sun.misc.Unsafe { *; }
# Application classes that will be serialized/deserialized over Gson
-keep class com.google.gson.** { *; }
-keep class com.google.gson.stream.** { *; }

##---------------Begin: proguard configuration for fastjson  ----------
-keep public class * implements java.io.Serializable {
        public *;
}
-keepclassmembers class * implements java.io.Serializable {
    static final long serialVersionUID;
    private static final java.io.ObjectStreamField[] serialPersistentFields;
    private void writeObject(java.io.ObjectOutputStream);
    private void readObject(java.io.ObjectInputStream);
    java.lang.Object writeReplace();
    java.lang.Object readResolve();
}
-dontwarn android.support.**
-dontwarn com.alibaba.fastjson.**
-dontskipnonpubliclibraryclassmembers
-dontskipnonpubliclibraryclasses
#-libraryjars libs/fastjson.jar
-keep class com.alibaba.fastjson.** { *; }
-keepclassmembers class * {
public <methods>;
}
##---------------End: proguard configuration for fastjson  ----------


#butterknife
-keep class butterknife.** { *; }
-dontwarn butterknife.internal.**
-keep class **$$ViewBinder { *; }
-keepclasseswithmembernames class * {
    @butterknife.* <fields>;
}
-keepclasseswithmembernames class * {
    @butterknife.* <methods>;
}


######引用的其他Module可以直接在app的这个混淆文件里配置

#####GreenDao混淆
#-keep class org.greenrobot.greendao.**{*;}
#-keep public interface org.greenrobot.greendao.**
#-keepclassmembers class * extends org.greenrobot.greendao.AbstractDao {
#public static java.lang.String TABLENAME;
#}
#-keep class **$Properties
#-keep class net.sqlcipher.database.**{*;}
#-keep public interface net.sqlcipher.database.**
#-dontwarn net.sqlcipher.database.**
#-dontwarn org.greenrobot.greendao.**
-keepclassmembers class * extends org.greenrobot.greendao.AbstractDao {
public static java.lang.String TABLENAME;
}
-keep class **$Properties { *; }

# If you DO use SQLCipher:
-keep class org.greenrobot.greendao.database.SqlCipherEncryptedHelper { *; }

# If you do NOT use SQLCipher:
-dontwarn net.sqlcipher.database.**
# If you do NOT use RxJava:
-dontwarn rx.**

#######PictureSelector 2.0
-keep class com.luck.picture.lib.** { *; }

-dontwarn com.yalantis.ucrop**
-keep class com.yalantis.ucrop** { *; }
-keep interface com.yalantis.ucrop** { *; }

########--------------RXJAVA+RXAndroid混淆------------Begin#######
 #rxjava
-dontwarn sun.misc.**
-keepclassmembers class rx.internal.util.unsafe.*ArrayQueue*Field* {
 long producerIndex;
 long consumerIndex;
}
-keepclassmembers class rx.internal.util.unsafe.BaseLinkedQueueProducerNodeRef {
 rx.internal.util.atomic.LinkedQueueNode producerNode;
}
-keepclassmembers class rx.internal.util.unsafe.BaseLinkedQueueConsumerNodeRef {
 rx.internal.util.atomic.LinkedQueueNode consumerNode;
}

#-----------retrofit
-keep class rx.schedulers.Schedulers {
    public static <methods>;
}
-keep class rx.schedulers.Schedulers {
    public static ** test();
}
-keep class rx.schedulers.ImmediateScheduler {
    public <methods>;
}
-keep class rx.schedulers.TestScheduler {
    public <methods>;
}
#------------retrofit
########--------------RXJAVA+RXAndroid混淆------------End#######

#**************----Glide混淆----Begin***************#
-keep public class * implements com.bumptech.glide.module.GlideModule
-keep public class * extends com.bumptech.glide.AppGlideModule
-keep public enum com.bumptech.glide.load.resource.bitmap.ImageHeaderParser$** {
  **[] $VALUES;
  public *;
}
# for DexGuard only
#-keepresourcexmlelements manifest/application/meta-data@value=GlideModule
#**************----Glide混淆----End***************#



#------------------  下方是共性的排除项目      begin---------------------
# 方法名中含有“JNI”字符的，认定是Java Native Interface方法，自动排除
# 方法名中含有“JRI”字符的，认定是Java Reflection Interface方法，自动排除
-keepclasseswithmembers class * {
    ... *JNI*(...);
}
-keepclasseswithmembernames class * {
	... *JRI*(...);
}
-keep class **JNI* {*;}
#-----------------------------end-----------------------------------------

#---------------okgo---------------------begin
#okserver
-dontwarn com.lzy.okserver.**
-keep class com.lzy.okserver.**{*;}
#---------------okgo---------------------end

# RxHttp
-keep class rxhttp.**{*;}
# OkHttp
-keep class okhttp3.**{*;}
-dontwarn okhttp3.**
-keep class okio.**{*;}
-dontwarn okio.**

######################---BaseRecyclerViewAdapterHelper---#######################
-keep class com.chad.library.adapter.** {
*;
}
-keep public class * extends com.chad.library.adapter.base.BaseQuickAdapter
-keep public class * extends com.chad.library.adapter.base.BaseViewHolder
-keepclassmembers  class **$** extends com.chad.library.adapter.base.BaseViewHolder {
     <init>(...);
}
######################---BaseRecyclerViewAdapterHelper---#######################

#####################----空祖家的Dialog----##################################_BEGIN
-keep class com.kongzue.dialog.** { *; }
-dontwarn com.kongzue.dialog.**

# 额外的，建议将 android.view 也列入 keep 范围：
-keep class android.view.** { *; }

# 如果有开启模糊效果，建议将 Renderscript 也列入 keep 范围：
-dontwarn android.support.v8.renderscript.**
-keep public class android.support.v8.renderscript.** { *; }

# AndroidX版本请使用如下配置：
-dontwarn androidx.renderscript.**
-keep public class androidx.renderscript.** { *; }
#####################----空祖家的Dialog----##################################_END


###################### banner 的混淆代码######################
-keep class com.youth.banner.** {
    *;
 }
 ###################### banner 的混淆代码######################

 -dontwarn com.tencent.bugly.**
 -keep public class com.tencent.bugly.**{*;}
 -keep class android.support.**{*;}

 -keep class com.appsflyer.** { *; }
 -keep class kotlin.jvm.internal.** { *; }

-keep class com.twitter.** { *; }

-keep class com.kakao.** {*;}
-dontwarn com.kakao.**
-keep public class com.umeng.com.umeng.soexample.R$*{
    public static final int *;
}
-keep public class com.linkedin.android.mobilesdk.R$*{
    public static final int *;
}
-keepclassmembers enum * {
    public static **[] values();
    public static ** valueOf(java.lang.String);
}

-keep class  com.alipay.share.sdk.** {
   *;
}

-keepnames class * implements android.os.Parcelable {
    public static final ** CREATOR;
}

-keep class com.umeng.** {*;}

-keep class org.repackage.** {*;}

-keep class com.uyumao.** { *; }

-keepclassmembers class * {
   public <init> (org.json.JSONObject);
}

-keepclassmembers enum * {
    public static **[] values();
    public static ** valueOf(java.lang.String);
}

-keep class com.linkedin.** { *; }
-keep class com.android.dingtalk.share.ddsharemodule.** { *; }
-keepattributes Signature

-keep public class **.R$*{
   public static final int *;
}

################APP升级##############################
-keepattributes *Annotation*
-keepclassmembers class * {
    @org.greenrobot.eventbus.Subscribe <methods>;
}
-keep enum org.greenrobot.eventbus.ThreadMode { *; }

# Only required if you use AsyncExecutor
-keepclassmembers class * extends org.greenrobot.eventbus.util.ThrowableFailureEvent {
    <init>(java.lang.Throwable);
}
################APP升级##############################