app/proguard/seeds.txt
com.nnmedia.novel.R$attr: int cpd_reverse
com.nnmedia.novel.R$styleable: int VerticalTabLayout_tab_height
com.nnmedia.novel.R$attr: int region_heightMoreThan
com.nnmedia.novel.R$mipmap: int icon_select_red
com.nnmedia.novel.R$styleable: int[] CardView
com.nnmedia.novel.R$drawable: int ic_image_download
com.nnmedia.novel.R$color: int primary_text_default_material_light
com.nnmedia.novel.R$color: int abc_btn_colored_text_material
com.nnmedia.novel.R$styleable: int Layout_layout_constraintRight_toLeftOf
com.nnmedia.novel.R$color: int colorPrimaryDark
com.nnmedia.novel.R$mipmap: int icon_bottom_arc_trajectory
com.nnmedia.novel.R$id: int iv_invite_qr_code
com.nnmedia.novel.R$id: int tv_read_book_section
com.nnmedia.novel.R$style: int Base_TextAppearance_AppCompat_Display3
com.nnmedia.novel.R$styleable: int Constraint_pivotAnchor
com.nnmedia.novel.R$dimen: int design_fab_border_width
com.nnmedia.novel.R$animator: int mtrl_card_state_list_anim
com.nnmedia.novel.R$string: int txt_payment_success
com.nnmedia.novel.R$color: int mtrl_btn_stroke_color_selector
com.nnmedia.novel.R$mipmap: int img_holder_qr_code
com.nnmedia.novel.R$drawable: int meizu
com.nnmedia.novel.R$color: int background_floating_material_dark
com.nnmedia.novel.ObservableDownload$SerializedEmitter: void onError(java.lang.Throwable)
com.nnmedia.novel.R$attr: int tl_bar_stroke_width
com.nnmedia.novel.R$styleable: int ClassicsFooter_srlTextRefreshing
com.nnmedia.novel.R$styleable: int ShadowLayout_sl_shadowRadius
com.nnmedia.novel.R$color: int cardview_light_background
com.nnmedia.novel.R$styleable: int SmartRefreshLayout_srlEnableFooterFollowWhenLoadFinished
com.nnmedia.novel.R$style: int Base_V7_Theme_AppCompat_Light_Dialog
com.nnmedia.novel.R$style: int Widget_Design_ScrimInsetsFrameLayout
com.nnmedia.novel.R$styleable: int ConstraintSet_android_layout_height
com.nnmedia.novel.R$drawable: int ic_calendar_black_24dp
com.nnmedia.novel.R$id: int tv_user_nickname
com.nnmedia.novel.R$styleable: int Constraint_transitionEasing
com.nnmedia.novel.R$id: int tv_withdrawal_status
com.nnmedia.novel.R$style: int Base_TextAppearance_MaterialComponents_Button
com.nnmedia.novel.R$id: int textinput_error
com.nnmedia.novel.R$styleable: int Transform_android_rotationY
com.nnmedia.novel.R$drawable: int abc_tab_indicator_mtrl_alpha
com.nnmedia.novel.R$id: int et
com.nnmedia.novel.R$drawable: int shape_top_round_whitebg
com.nnmedia.novel.R$dimen: int notification_top_pad_large_text
com.nnmedia.novel.R$styleable: int[] ShadowLayout
com.nnmedia.novel.R$style: int Widget_MaterialComponents_TextInputLayout_FilledBox_Dense_ExposedDropdownMenu
com.nnmedia.novel.R$styleable: int Constraint_layout_goneMarginStart
com.nnmedia.novel.R$drawable: int design_password_eye
com.nnmedia.novel.R$anim: int abc_fade_out
com.nnmedia.novel.R$dimen: int mtrl_card_elevation
com.nnmedia.novel.R$styleable: int MenuItem_android_numericShortcut
com.nnmedia.novel.R$layout: int layout_loadingview
com.nnmedia.novel.R$drawable: int shape_btn_read_setting_checked
com.nnmedia.novel.R$styleable: int Constraint_flow_maxElementsWrap
com.nnmedia.novel.R$styleable: int FloatingActionButton_elevation
com.nnmedia.novel.R$styleable: int AppCompatTheme_searchViewStyle
com.nnmedia.novel.R$styleable: int SearchView_suggestionRowLayout
com.nnmedia.novel.R$array: int bottom_bar_main
com.nnmedia.novel.R$styleable: int DrawableIndicator_selected_drawable
com.nnmedia.novel.R$layout: int dialog_withdrawal_success
com.nnmedia.novel.R$styleable: int FunGameHitBlockHeader_fghBallSpeed
com.nnmedia.novel.R$styleable: int ShadowLayout_sl_dy
com.nnmedia.novel.ObservableUpload$SerializedEmitter: void onNext(java.lang.Object)
com.nnmedia.novel.R$styleable: int AppBarLayout_liftOnScrollTargetViewId
com.nnmedia.novel.R$styleable: int GradientColor_android_centerColor
com.nnmedia.novel.R$styleable: int NewLuckView_luck_item_width_ratio
com.nnmedia.novel.R$styleable: int TextInputLayout_startIconTint
com.nnmedia.novel.R$attr: int deltaPolarRadius
...
kotlin.sequences.TakeSequence$iterator$1: void remove()
io.reactivex.rxjava3.internal.operators.maybe.MaybeMergeArray$ClqSimpleQueue: java.lang.Object poll()
com.appsflyer.R$styleable: int[] FontFamily
com.flyco.tablayout.R$style: int ThemeOverlay_AppCompat_Dark_ActionBar
com.appsflyer.R$styleable: int DrawerArrowToggle_barLength
com.google.android.material.R$attr: int actionModeShareDrawable
com.alibaba.fastjson.asm.ClassReader: int readUnsignedShort(int)
androidx.slidingpanelayout.widget.SlidingPaneLayout$SavedState: void writeToParcel(android.os.Parcel,int)
com.google.android.material.shape.ShapeAppearanceModel$Builder: com.google.android.material.shape.ShapeAppearanceModel$Builder setTopRightCornerSize(com.google.android.material.shape.CornerSize)
com.journeyapps.barcodescanner.CaptureManager$5
androidx.collection.MapCollections$MapIterator: java.lang.Object getKey()
com.google.zxing.qrcode.detector.Detector
androidx.constraintlayout.motion.widget.ProxyInterface: java.lang.Boolean getPositionKeyframe(java.lang.Object,java.lang.Object,float,float,java.lang.String[],float[])
com.bumptech.glide.load.ImageHeaderParser$ImageType: com.bumptech.glide.load.ImageHeaderParser$ImageType GIF
com.google.android.material.elevation.ElevationOverlayProvider: int getThemeElevationOverlayColor()
com.alibaba.fastjson.parser.DefaultJSONParser: void popContext()
androidx.appcompat.view.ActionBarPolicy: androidx.appcompat.view.ActionBarPolicy get(android.content.Context)
com.baoyachi.stepview.R$styleable: int RecycleListView_paddingTopNoTitle
com.nnmedia.read.cache.UserInfoCache: com.nnmedia.read.entity.FUser saveHeadPic(android.content.Context,java.lang.String)
com.google.android.material.snackbar.Snackbar: boolean hasAction
okio.ForwardingSource: ForwardingSource(okio.Source)
com.google.gson.internal.bind.JsonTreeReader: java.lang.String nextName()
com.nnmedia.page.ui.activity.MoreSettingActivity_ViewBinding
kotlin.collections.ArraysKt___ArraysKt: float reduceRightIndexed(float[],kotlin.jvm.functions.Function3)
androidx.recyclerview.widget.LinearLayoutManager: int getOrientation()
kotlinx.coroutines.channels.ChannelsKt__Channels_commonKt$mapIndexedNotNullTo$3: java.lang.Object L$1
io.reactivex.rxjava3.internal.operators.flowable.FlowableReplay$MulticastFlowable$DisposableConsumer: void accept(io.reactivex.rxjava3.disposables.Disposable)
kotlinx.coroutines.flow.FlowKt__ZipKt$combineTransform$6$2: java.lang.Object L$1
com.bumptech.glide.load.resource.gif.GifDrawable: void setFrameTransformation(com.bumptech.glide.load.Transformation,android.graphics.Bitmap)
androidx.appcompat.widget.AbsActionBarView: void postShowOverflowMenu()
com.umeng.common.b: java.lang.String a(android.content.Context,java.lang.String,java.lang.String)
com.google.android.material.R$styleable: int CoordinatorLayout_Layout_layout_anchor
kotlinx.coroutines.channels.BroadcastCoroutine: boolean isFull()
com.google.android.material.shape.MaterialShapeDrawable: boolean isRoundRect()
io.reactivex.rxjava3.internal.operators.single.SingleHide: SingleHide(io.reactivex.rxjava3.core.SingleSource)
com.appsflyer.R$styleable: int StateListDrawable_android_variablePadding
androidx.appcompat.graphics.drawable.DrawableContainer: void setAutoMirrored(boolean)
androidx.media.MediaBrowserServiceCompat: void onLoadItem(java.lang.String,androidx.media.MediaBrowserServiceCompat$Result)
androidx.core.view.accessibility.AccessibilityRecordCompat: void setAddedCount(int)
androidx.constraintlayout.solver.widgets.analyzer.WidgetGroup: java.lang.String toString()
androidx.asynclayoutinflater.R$string: R$string()
io.reactivex.rxjava3.internal.operators.flowable.FlowableCreate$BufferAsyncEmitter: void onComplete()
com.airbnb.lottie.R$id: int time
androidx.vectordrawable.animated.R$styleable: int FontFamily_fontProviderPackage