app/proguard/mapping.txt
# compiler: R8
# compiler_version: 1.6.67
# min_api: 23
# pg_map_id: dc7348d
# common_typos_disable
com.nnmedia.novel.-$$Lambda$BaseRxHttp$JS6wOeTOpYx9h0A8e_DpID8Y9Os -> com.nnmedia.novel.a:
    com.nnmedia.novel.-$$Lambda$BaseRxHttp$JS6wOeTOpYx9h0A8e_DpID8Y9Os INSTANCE -> a
com.nnmedia.novel.-$$Lambda$ObservableDownload$ByVmIMx3yIm-aajm7HXfvL1ilzI -> com.nnmedia.novel.b:
    com.nnmedia.novel.ObservableDownload f$0 -> a
    com.nnmedia.novel.ObservableDownload$CreateEmitter f$2 -> c
    rxhttp.wrapper.entity.ProgressT f$1 -> b
com.nnmedia.novel.-$$Lambda$ObservableUpload$JoKMeb2ZMiKkFsUFsn6MG0WpSIg -> com.nnmedia.novel.c:
    com.nnmedia.novel.ObservableUpload$CreateEmitter f$1 -> b
    rxhttp.wrapper.entity.ProgressT f$0 -> a
com.nnmedia.novel.-$$Lambda$RxHttp$J2bVE19fnNGycqHhTsFIIAj_DNo -> com.nnmedia.novel.d:
    com.nnmedia.novel.-$$Lambda$RxHttp$J2bVE19fnNGycqHhTsFIIAj_DNo INSTANCE -> a
com.nnmedia.novel.-$$Lambda$RxHttp$YVzl4gCyWGgAWEKbVJGVf8V2_Eg -> com.nnmedia.novel.e:
    com.nnmedia.novel.-$$Lambda$RxHttp$YVzl4gCyWGgAWEKbVJGVf8V2_Eg INSTANCE -> a
com.nnmedia.novel.-$$Lambda$RxHttp$b-GFFKixPh8u0DK5YKPDkCnUuxk -> com.nnmedia.novel.f:
    com.nnmedia.novel.-$$Lambda$RxHttp$b-GFFKixPh8u0DK5YKPDkCnUuxk INSTANCE -> a
com.nnmedia.novel.-$$Lambda$RxHttpFormParam$RI_erDSDp6aOEXJRdoYDMCKF2-8 -> com.nnmedia.novel.g:
    com.nnmedia.novel.-$$Lambda$RxHttpFormParam$RI_erDSDp6aOEXJRdoYDMCKF2-8 INSTANCE -> a
com.nnmedia.novel.-$$Lambda$RxHttpFormParam$Z20nkO7yRFGELDgsn5pe2t4V3K0 -> com.nnmedia.novel.h:
    com.nnmedia.novel.-$$Lambda$RxHttpFormParam$Z20nkO7yRFGELDgsn5pe2t4V3K0 INSTANCE -> a
com.nnmedia.novel.-$$Lambda$u897JmV7IBjsuFgAc2o9d4Mc89M -> com.nnmedia.novel.i:
    com.nnmedia.novel.-$$Lambda$u897JmV7IBjsuFgAc2o9d4Mc89M INSTANCE -> a
com.nnmedia.novel.BaseRxHttp -> com.nnmedia.novel.j:
    okhttp3.Headers lambda$asHeaders$0(okhttp3.Response) -> a
com.nnmedia.novel.ObservableDownload -> com.nnmedia.novel.k:
    rxhttp.wrapper.param.Param param -> a
    okhttp3.OkHttpClient okClient -> f
    okhttp3.Request mRequest -> e
    int lastProgress -> g
    long offsetSize -> c
    java.lang.String destPath -> b
    okhttp3.Call mCall -> d
    okhttp3.Call access$000(com.nnmedia.novel.ObservableDownload) -> a
    void access$100(com.nnmedia.novel.ObservableDownload,okhttp3.Call) -> a
    void cancelRequest(okhttp3.Call) -> a
    okhttp3.Response execute(rxhttp.wrapper.param.Param,rxhttp.wrapper.callback.ProgressCallback) -> a
    void lambda$subscribeActual$0(rxhttp.wrapper.entity.ProgressT,com.nnmedia.novel.ObservableDownload$CreateEmitter,int,long,long) -> a
com.nnmedia.novel.ObservableDownload$1 -> com.nnmedia.novel.k$a:
com.nnmedia.novel.ObservableDownload$CreateEmitter -> com.nnmedia.novel.k$b:
com.nnmedia.novel.ObservableDownload$SerializedEmitter -> com.nnmedia.novel.k$c:
com.nnmedia.novel.ObservableErrorHandler -> com.nnmedia.novel.l:
com.nnmedia.novel.ObservableHttp -> com.nnmedia.novel.m:
    rxhttp.wrapper.cahce.InternalCache cache -> e
    rxhttp.wrapper.param.Param param -> a
    okhttp3.OkHttpClient okClient -> f
    rxhttp.wrapper.parse.Parser parser -> b
    okhttp3.Call mCall -> c
    okhttp3.Request request -> d
    okhttp3.Call access$000(com.nnmedia.novel.ObservableHttp) -> a
    void access$100(com.nnmedia.novel.ObservableHttp,okhttp3.Call) -> a
    boolean cacheModeIs(rxhttp.wrapper.cahce.CacheMode[]) -> a
    void cancelRequest(okhttp3.Call) -> a
    java.lang.Object execute(rxhttp.wrapper.param.Param) -> a
    okhttp3.Response getCacheResponse(okhttp3.Request,long) -> a
    java.lang.Object requireNonNull(java.lang.Object,java.lang.String) -> a
com.nnmedia.novel.ObservableHttp$HttpDisposable -> com.nnmedia.novel.m$a:
...
com.google.zxing.FormatException -> com.google.zxing.FormatException:
    com.google.zxing.FormatException INSTANCE -> a
com.google.zxing.InvertedLuminanceSource -> com.google.zxing.d:
    com.google.zxing.LuminanceSource delegate -> c
com.google.zxing.LuminanceSource -> com.google.zxing.e:
    int height -> b
    int width -> a
com.google.zxing.MultiFormatReader -> com.google.zxing.f:
    java.util.Map hints -> a
    com.google.zxing.Reader[] readers -> b
    com.google.zxing.Result decodeInternal(com.google.zxing.BinaryBitmap) -> a
com.google.zxing.MultiFormatWriter -> com.google.zxing.g:
com.google.zxing.MultiFormatWriter$1 -> com.google.zxing.g$a:
    int[] $SwitchMap$com$google$zxing$BarcodeFormat -> a
com.google.zxing.NotFoundException -> com.google.zxing.NotFoundException:
    com.google.zxing.NotFoundException INSTANCE -> a
com.google.zxing.PlanarYUVLuminanceSource -> com.google.zxing.h:
    int left -> f
    int top -> g
    int dataWidth -> d
    int dataHeight -> e
    byte[] yuvData -> c
    void reverseHorizontal(int,int) -> a
com.google.zxing.RGBLuminanceSource -> com.google.zxing.i:
    int left -> f
    int top -> g
    int dataWidth -> d
    int dataHeight -> e
    byte[] luminances -> c
com.google.zxing.Reader -> com.google.zxing.j:
com.google.zxing.Result -> com.google.zxing.k:
    byte[] rawBytes -> b
    long timestamp -> g
    com.google.zxing.BarcodeFormat format -> e
    java.lang.String text -> a
    int numBits -> c
    java.util.Map resultMetadata -> f
    com.google.zxing.ResultPoint[] resultPoints -> d
com.google.zxing.ResultMetadataType -> com.google.zxing.ResultMetadataType:
    com.google.zxing.ResultMetadataType[] $VALUES -> a
com.google.zxing.ResultPoint -> com.google.zxing.l:
    float y -> b
    float x -> a
    float crossProductZ(com.google.zxing.ResultPoint,com.google.zxing.ResultPoint,com.google.zxing.ResultPoint) -> a
com.google.zxing.ResultPointCallback -> com.google.zxing.m:
com.google.zxing.Writer -> com.google.zxing.n:
com.google.zxing.aztec.AztecDetectorResult -> com.google.zxing.o.a:
    int nbDatablocks -> d
    int nbLayers -> e
    boolean compact -> c
com.google.zxing.aztec.AztecReader -> com.google.zxing.o.b:
com.google.zxing.aztec.AztecWriter -> com.google.zxing.o.c:
    com.google.zxing.common.BitMatrix encode(java.lang.String,com.google.zxing.BarcodeFormat,int,int,java.nio.charset.Charset,int,int) -> a
    com.google.zxing.common.BitMatrix renderResult(com.google.zxing.aztec.encoder.AztecCode,int,int) -> a
com.google.zxing.aztec.decoder.Decoder -> com.google.zxing.o.d.a:
    com.google.zxing.aztec.AztecDetectorResult ddata -> a
    java.lang.String[] PUNCT_TABLE -> e
    java.lang.String[] MIXED_TABLE -> d
    java.lang.String[] DIGIT_TABLE -> f
    java.lang.String[] LOWER_TABLE -> c
    java.lang.String[] UPPER_TABLE -> b
    byte[] convertBoolArrayToByteArray(boolean[]) -> a
    boolean[] extractBits(com.google.zxing.common.BitMatrix) -> a
    java.lang.String getCharacter(com.google.zxing.aztec.decoder.Decoder$Table,int) -> a
    com.google.zxing.aztec.decoder.Decoder$Table getTable(char) -> a
    byte readByte(boolean[],int) -> a
    int readCode(boolean[],int,int) -> a
    int totalBitsInLayer(int,boolean) -> a
    boolean[] correctBits(boolean[]) -> b
    java.lang.String getEncodedData(boolean[]) -> c
com.google.zxing.aztec.decoder.Decoder$1 -> com.google.zxing.o.d.a$a:
    int[] $SwitchMap$com$google$zxing$aztec$decoder$Decoder$Table -> a
com.google.zxing.aztec.decoder.Decoder$Table -> com.google.zxing.o.d.a$b:
    com.google.zxing.aztec.decoder.Decoder$Table[] $VALUES -> a