app/proguard/unused.txt
com.nnmedia.novel.RxSimpleHttp
com.nnmedia.novel.R
com.nnmedia.novel.BuildConfig
...
io.reactivex.rxjava3.core.ObservableEmitter:
    public abstract io.reactivex.rxjava3.core.ObservableEmitter serialize()
    public abstract boolean tryOnError(java.lang.Throwable)
kotlin.ranges.ClosedFloatingPointRange:
    public abstract boolean contains(java.lang.Comparable)
kotlinx.coroutines.DispatchersKt
com.bumptech.glide.load.engine.cache.DiskCache$Factory:
    public static final int DEFAULT_DISK_CACHE_SIZE
    public static final java.lang.String DEFAULT_DISK_CACHE_DIR
com.nnmedia.read.cache.ACache$xFileOutputStream
kotlinx.coroutines.Deferred:
    public abstract kotlinx.coroutines.selects.SelectClause1 getOnAwait()
    public abstract java.lang.Object getCompleted()
    public abstract java.lang.Throwable getCompletionExceptionOrNull()
com.google.zxing.common.GlobalHistogramBinarizer:
    private static final int LUMINANCE_BITS
    private static final int LUMINANCE_SHIFT
    private static final int LUMINANCE_BUCKETS
com.bumptech.glide.load.engine.cache.MemoryCacheAdapter
com.airbnb.lottie.model.Font:
    float getAscent()
kotlin.collections.ArraysKt__ArraysKt:
    private static final boolean isNullOrEmpty(java.lang.Object[])
    private static final java.lang.Object ifEmpty(java.lang.Object[],kotlin.jvm.functions.Function0)
org.jetbrains.annotations.NonNls
com.nnmedia.page.widget.animation.AnimationProvider
kotlin.time.jdk8.DurationConversionsJDK8Kt
io.reactivex.rxjava3.internal.operators.observable.ObservableCache:
    boolean isConnected()
    boolean hasObservers()
    long cachedEventCount()
com.google.zxing.pdf417.decoder.Codeword:
    private static final int BARCODE_ROW_UNKNOWN
kotlinx.coroutines.test.TestCoroutineContextKt
kotlin.collections.UCollectionsKt___UCollectionsKt
com.nnmedia.page.utils.SharedPreUtils:
    private static final java.lang.String SHARED_NAME
com.nnmedia.read.GlideApp:
    private void <init>()
kotlin.UShortKt
com.google.zxing.oned.rss.expanded.decoders.AI01393xDecoder:
    private static final int HEADER_SIZE
    private static final int LAST_DIGIT_SIZE
    private static final int FIRST_THREE_DIGITS_SIZE
com.nnmedia.read.ui.activities.FrLaunchActivity$11
kotlin.coroutines.jvm.internal.RunSuspendKt
com.nnmedia.page.utils.FileStack
io.reactivex.rxjava3.internal.fuseable.HasUpstreamSingleSource
com.nnmedia.page.utils.Constant$BookType
com.bumptech.glide.load.data.mediastore.ThumbFetcher$ImageThumbnailQuery:
    private static final java.lang.String PATH_SELECTION
io.reactivex.rxjava3.internal.util.QueueDrain:
    public abstract boolean enter()
com.google.zxing.oned.rss.expanded.decoders.AI013x0xDecoder:
    private static final int HEADER_SIZE
    private static final int WEIGHT_SIZE
kotlin.text.MatchResult:
    public abstract java.lang.String getValue()
    public abstract kotlin.text.MatchResult$Destructured getDestructured()
com.bumptech.glide.request.target.FixedSizeDrawable$State
com.google.zxing.oned.Code93Writer:
    protected static int appendPattern(boolean[],int,int[],boolean)
pub.devrel.easypermissions.RationaleDialogConfig:
    private static final java.lang.String KEY_POSITIVE_BUTTON
    private static final java.lang.String KEY_NEGATIVE_BUTTON
    private static final java.lang.String KEY_RATIONALE_MESSAGE
    private static final java.lang.String KEY_THEME
    private static final java.lang.String KEY_REQUEST_CODE
    private static final java.lang.String KEY_PERMISSIONS
kotlin.internal.OnlyInputTypes
com.nnmedia.read.ui.dlpopwindow.DLPopupWindow
com.google.zxing.multi.GenericMultipleBarcodeReader
com.rxjava.R
io.reactivex.rxjava3.observers.DisposableCompletableObserver
me.leolin.shortcutbadger.impl.XiaomiHomeBadger:
    public static final java.lang.String INTENT_ACTION
    public static final java.lang.String EXTRA_UPDATE_APP_COMPONENT_NAME
    public static final java.lang.String EXTRA_UPDATE_APP_MSG_TEXT
com.nnmedia.page.model.local.DeleteDbHelper
kotlinx.coroutines.AwaitKt$awaitAll$2